TN:
SF:src\components\src\components\Login.vue
FN:62,(anonymous_0)
FN:72,(anonymous_1)
FN:78,(anonymous_2)
FN:82,(anonymous_3)
FN:86,(anonymous_4)
FN:90,(anonymous_5)
FN:99,(anonymous_6)
FNF:7
FNH:3
FNDA:1,(anonymous_0)
FNDA:1,(anonymous_1)
FNDA:0,(anonymous_2)
FNDA:0,(anonymous_3)
FNDA:0,(anonymous_4)
FNDA:1,(anonymous_5)
FNDA:0,(anonymous_6)
DA:63,1
DA:73,1
DA:80,0
DA:84,0
DA:88,0
DA:91,1
DA:92,1
DA:93,1
DA:94,1
DA:95,1
DA:97,0
DA:98,0
DA:99,0
DA:102,0
DA:104,0
DA:105,0
DA:110,0
DA:111,0
DA:112,0
DA:114,0
DA:115,0
DA:118,0
DA:119,0
LF:23
LH:7
BRDA:94,0,0,1
BRDA:94,0,1,0
BRDA:94,1,0,1
BRDA:94,1,1,0
BRDA:105,2,0,0
BRDA:105,2,1,0
BRDA:106,3,0,0
BRDA:106,3,1,0
BRDA:110,4,0,0
BRDA:110,4,1,0
BRF:10
BRH:2
end_of_record
TN:
SF:src\components\src\components\MainHeader.vue
FN:67,(anonymous_0)
FN:73,(anonymous_1)
FNF:2
FNH:1
FNDA:1,(anonymous_0)
FNDA:0,(anonymous_1)
DA:69,1
DA:75,0
LF:2
LH:1
BRF:0
BRH:0
end_of_record
